<?xml version="1.0" encoding="utf-8"?><testsuites name="pytest tests"><testsuite name="pytest" errors="0" failures="0" skipped="0" tests="20" time="5.322" timestamp="2026-05-16T13:02:58.756388+00:00" hostname="agent-env-271f4390-3ef9-4e57-a946-563d86d7ae83"><testcase classname="backend.tests.test_driveall_backend" name="test_root_ok" time="0.268" /><testcase classname="backend.tests.test_driveall_backend" name="test_auth_me_requires_token" time="0.143" /><testcase classname="backend.tests.test_driveall_backend" name="test_auth_me_invalid_token" time="0.107" /><testcase classname="backend.tests.test_driveall_backend" name="test_auth_me_rider" time="0.117" /><testcase classname="backend.tests.test_driveall_backend" name="test_auth_me_driver" time="0.140" /><testcase classname="backend.tests.test_driveall_backend" name="test_patch_users_me_language" time="0.251" /><testcase classname="backend.tests.test_driveall_backend" name="test_patch_users_me_theme" time="0.226" /><testcase classname="backend.tests.test_driveall_backend" name="test_driver_status_requires_driver_role" time="0.100" /><testcase classname="backend.tests.test_driveall_backend" name="test_driver_status_ok" time="0.109" /><testcase classname="backend.tests.test_driveall_backend" name="test_create_ride_requires_rider" time="0.136" /><testcase classname="backend.tests.test_driveall_backend" name="test_create_ride_ok" time="0.113" /><testcase classname="backend.tests.test_driveall_backend" name="test_driver_requests_role_check" time="0.103" /><testcase classname="backend.tests.test_driveall_backend" name="test_driver_requests_list" time="0.233" /><testcase classname="backend.tests.test_driveall_backend" name="test_full_ride_lifecycle" time="1.565" /><testcase classname="backend.tests.test_driveall_backend" name="test_max_counter_offers" time="0.543" /><testcase classname="backend.tests.test_driveall_backend" name="test_rider_cannot_accept_own_offer" time="0.228" /><testcase classname="backend.tests.test_driveall_backend" name="test_non_participant_cannot_access_ride" time="0.204" /><testcase classname="backend.tests.test_driveall_backend" name="test_chat_blocked_before_acceptance" time="0.354" /><testcase classname="backend.tests.test_driveall_backend" name="test_rides_history_rider" time="0.103" /><testcase classname="backend.tests.test_driveall_backend" name="test_rides_history_driver" time="0.147" /></testsuite></testsuites>